<?xml version="1.0" encoding="UTF-8"?>
<testng-results ignored="1" total="5" passed="4" failed="0" skipped="0">
  <reporter-output>
  </reporter-output>
  <suite started-at="2022-10-09T11:41:56 IST" name="Suite" finished-at="2022-10-09T11:41:56 IST" duration-ms="129">
    <groups>
    </groups>
    <test started-at="2022-10-09T11:41:56 IST" name="Arnab" finished-at="2022-10-09T11:41:56 IST" duration-ms="57">
      <class name="Test.day1">
        <test-method signature="Demo()[pri:0, instance:Test.day1@152aa092]" started-at="2022-10-09T11:41:56 IST" name="Demo" finished-at="2022-10-09T11:41:56 IST" duration-ms="10" status="PASS">
          <reporter-output>
          </reporter-output>
        </test-method> <!-- Demo -->
        <test-method signature="Demo1()[pri:0, instance:Test.day1@152aa092]" started-at="2022-10-09T11:41:56 IST" name="Demo1" finished-at="2022-10-09T11:41:56 IST" duration-ms="1" status="PASS">
          <reporter-output>
          </reporter-output>
        </test-method> <!-- Demo1 -->
      </class> <!-- Test.day1 -->
      <class name="Test.day2">
        <test-method signature="demo3()[pri:0, instance:Test.day2@4cc8eb05]" started-at="2022-10-09T11:41:56 IST" name="demo3" finished-at="2022-10-09T11:41:56 IST" duration-ms="1" status="PASS">
          <reporter-output>
          </reporter-output>
        </test-method> <!-- demo3 -->
      </class> <!-- Test.day2 -->
    </test> <!-- Arnab -->
    <test started-at="2022-10-09T11:41:56 IST" name="Piu" finished-at="2022-10-09T11:41:56 IST" duration-ms="4">
      <class name="Test.day1">
        <test-method signature="Demo1()[pri:0, instance:Test.day1@932bc4a]" started-at="2022-10-09T11:41:56 IST" name="Demo1" finished-at="2022-10-09T11:41:56 IST" duration-ms="1" status="PASS">
          <reporter-output>
          </reporter-output>
        </test-method> <!-- Demo1 -->
      </class> <!-- Test.day1 -->
    </test> <!-- Piu -->
  </suite> <!-- Suite -->
</testng-results>
